[debug] [2024-08-22T23:33:06.298Z] ----------------------------------------------------------------------
[debug] [2024-08-22T23:33:06.302Z] Command:       C:\Program Files\nodejs\node.exe C:\Users\Jorda\AppData\Roaming\npm\node_modules\firebase-tools\lib\bin\firebase.js init
[debug] [2024-08-22T23:33:06.302Z] CLI Version:   13.15.4
[debug] [2024-08-22T23:33:06.302Z] Platform:      win32
[debug] [2024-08-22T23:33:06.302Z] Node Version:  v20.10.0
[debug] [2024-08-22T23:33:06.303Z] Time:          Thu Aug 22 2024 16:33:06 GMT-0700 (Mountain Standard Time)
[debug] [2024-08-22T23:33:06.303Z] ----------------------------------------------------------------------
[debug] 
[debug] [2024-08-22T23:33:06.307Z] >>> [apiv2][query] GET https://firebase-public.firebaseio.com/cli.json [none]
[debug] [2024-08-22T23:33:06.365Z] > command requires scopes: ["email","openid","https://www.googleapis.com/auth/cloudplatformprojects.readonly","https://www.googleapis.com/auth/firebase","https://www.googleapis.com/auth/cloud-platform"]
[debug] [2024-08-22T23:33:06.365Z] > authorizing via signed-in user (greasemop23@gmail.com)
[info] 
     ######## #### ########  ######## ########     ###     ######  ########
     ##        ##  ##     ## ##       ##     ##  ##   ##  ##       ##
     ######    ##  ########  ######   ########  #########  ######  ######
     ##        ##  ##    ##  ##       ##     ## ##     ##       ## ##
     ##       #### ##     ## ######## ########  ##     ##  ######  ########

You're about to initialize a Firebase project in this directory:

  D:\repos\walk-ups\frontend\walkup-beats-ui

[debug] [2024-08-22T23:33:06.509Z] <<< [apiv2][status] GET https://firebase-public.firebaseio.com/cli.json 200
[debug] [2024-08-22T23:33:06.509Z] <<< [apiv2][body] GET https://firebase-public.firebaseio.com/cli.json {"cloudBuildErrorAfter":1594252800000,"cloudBuildWarnAfter":1590019200000,"defaultNode10After":1594252800000,"minVersion":"3.0.5","node8DeploysDisabledAfter":1613390400000,"node8RuntimeDisabledAfter":1615809600000,"node8WarnAfter":1600128000000}
